Watching for file changes with StatReloader
[22/Aug/2023 07:21:56] "POST /api/ HTTP/1.1" 200 123
[22/Aug/2023 07:21:56] "POST /api/ HTTP/1.1" 200 161
[22/Aug/2023 07:21:56] "POST /api/ HTTP/1.1" 200 161
[22/Aug/2023 07:21:56] "POST /api/ HTTP/1.1" 200 161
[22/Aug/2023 07:21:56] "POST /api/ HTTP/1.1" 200 256
[22/Aug/2023 07:21:56] "POST /api/ HTTP/1.1" 200 161
[22/Aug/2023 07:21:56] "POST /api/ HTTP/1.1" 200 160
[22/Aug/2023 07:21:57] "POST /api/ HTTP/1.1" 200 201
[22/Aug/2023 07:21:57] "POST /api/ HTTP/1.1" 200 161
[22/Aug/2023 07:21:57] "POST /api/ HTTP/1.1" 200 161
[22/Aug/2023 07:21:57] "POST /api/ HTTP/1.1" 200 161
[22/Aug/2023 07:21:57] "POST /api/ HTTP/1.1" 200 161
[22/Aug/2023 07:21:57] "POST /api/ HTTP/1.1" 200 161
[22/Aug/2023 07:21:57] "POST /api/ HTTP/1.1" 200 161
[22/Aug/2023 07:21:57] "POST /api/ HTTP/1.1" 200 161
[22/Aug/2023 07:21:57] "POST /api/ HTTP/1.1" 200 160
[22/Aug/2023 07:21:57] "POST /api/ HTTP/1.1" 200 161
[22/Aug/2023 07:21:57] "POST /api/ HTTP/1.1" 200 160
[22/Aug/2023 07:21:57] "POST /api/ HTTP/1.1" 200 161
[22/Aug/2023 07:21:57] "POST /api/ HTTP/1.1" 200 161
[22/Aug/2023 07:21:57] "POST /api/ HTTP/1.1" 200 161
[22/Aug/2023 07:22:04] "POST /api/ HTTP/1.1" 200 123
[22/Aug/2023 07:22:04] "POST /api/ HTTP/1.1" 200 161
[22/Aug/2023 07:22:04] "POST /api/ HTTP/1.1" 200 161
[22/Aug/2023 07:22:04] "POST /api/ HTTP/1.1" 200 177
[22/Aug/2023 07:22:04] "POST /api/ HTTP/1.1" 200 161
[22/Aug/2023 07:22:04] "POST /api/ HTTP/1.1" 200 161
[22/Aug/2023 07:22:04] "POST /api/ HTTP/1.1" 200 161
[22/Aug/2023 07:22:04] "POST /api/ HTTP/1.1" 200 160
[22/Aug/2023 07:22:04] "POST /api/ HTTP/1.1" 200 161
[22/Aug/2023 07:22:04] "POST /api/ HTTP/1.1" 200 160
[22/Aug/2023 07:22:04] "POST /api/ HTTP/1.1" 200 161
[22/Aug/2023 07:22:04] "POST /api/ HTTP/1.1" 200 161
[22/Aug/2023 07:22:04] "POST /api/ HTTP/1.1" 200 159
[22/Aug/2023 07:22:05] "POST /api/ HTTP/1.1" 200 161
[22/Aug/2023 07:22:05] "POST /api/ HTTP/1.1" 200 160
[22/Aug/2023 07:22:05] "POST /api/ HTTP/1.1" 200 161
[22/Aug/2023 07:22:05] "POST /api/ HTTP/1.1" 200 161
[22/Aug/2023 07:22:05] "POST /api/ HTTP/1.1" 200 161
[22/Aug/2023 07:22:05] "POST /api/ HTTP/1.1" 200 161
[22/Aug/2023 07:22:05] "POST /api/ HTTP/1.1" 200 161
[22/Aug/2023 07:22:05] "POST /api/ HTTP/1.1" 200 161
[22/Aug/2023 07:22:09] "POST /api/ HTTP/1.1" 200 128
[22/Aug/2023 07:22:09] "POST /api/ HTTP/1.1" 200 161
[22/Aug/2023 07:22:09] "POST /api/ HTTP/1.1" 200 161
[22/Aug/2023 07:22:09] "POST /api/ HTTP/1.1" 200 161
[22/Aug/2023 07:22:09] "POST /api/ HTTP/1.1" 200 161
[22/Aug/2023 07:22:09] "POST /api/ HTTP/1.1" 200 161
[22/Aug/2023 07:22:09] "POST /api/ HTTP/1.1" 200 161
[22/Aug/2023 07:22:10] "POST /api/ HTTP/1.1" 200 161
[22/Aug/2023 07:22:10] "POST /api/ HTTP/1.1" 200 161
[22/Aug/2023 07:22:10] "POST /api/ HTTP/1.1" 200 161
[22/Aug/2023 07:22:10] "POST /api/ HTTP/1.1" 200 161
[22/Aug/2023 07:22:10] "POST /api/ HTTP/1.1" 200 161
[22/Aug/2023 07:22:10] "POST /api/ HTTP/1.1" 200 160
[22/Aug/2023 07:22:10] "POST /api/ HTTP/1.1" 200 161
[22/Aug/2023 07:22:10] "POST /api/ HTTP/1.1" 200 161
[22/Aug/2023 07:22:10] "POST /api/ HTTP/1.1" 200 161
[22/Aug/2023 07:22:10] "POST /api/ HTTP/1.1" 200 161
[22/Aug/2023 07:22:10] "POST /api/ HTTP/1.1" 200 161
[22/Aug/2023 07:22:10] "POST /api/ HTTP/1.1" 200 161
[22/Aug/2023 07:22:10] "POST /api/ HTTP/1.1" 200 161
[22/Aug/2023 07:22:10] "POST /api/ HTTP/1.1" 200 161
[22/Aug/2023 07:22:28] "POST /api/ HTTP/1.1" 200 122
[22/Aug/2023 07:22:28] "POST /api/ HTTP/1.1" 200 178
[22/Aug/2023 07:22:28] "POST /api/ HTTP/1.1" 200 161
[22/Aug/2023 07:22:28] "POST /api/ HTTP/1.1" 200 161
[22/Aug/2023 07:22:28] "POST /api/ HTTP/1.1" 200 160
[22/Aug/2023 07:22:28] "POST /api/ HTTP/1.1" 200 160
[22/Aug/2023 07:22:28] "POST /api/ HTTP/1.1" 200 161
[22/Aug/2023 07:22:29] "POST /api/ HTTP/1.1" 200 161
[22/Aug/2023 07:22:29] "POST /api/ HTTP/1.1" 200 161
[22/Aug/2023 07:22:29] "POST /api/ HTTP/1.1" 200 161
[22/Aug/2023 07:22:29] "POST /api/ HTTP/1.1" 200 161
[22/Aug/2023 07:22:29] "POST /api/ HTTP/1.1" 200 161
[22/Aug/2023 07:22:29] "POST /api/ HTTP/1.1" 200 160
[22/Aug/2023 07:22:29] "POST /api/ HTTP/1.1" 200 160
[22/Aug/2023 07:22:29] "POST /api/ HTTP/1.1" 200 161
[22/Aug/2023 07:22:29] "POST /api/ HTTP/1.1" 200 161
[22/Aug/2023 07:22:29] "POST /api/ HTTP/1.1" 200 161
[22/Aug/2023 07:22:29] "POST /api/ HTTP/1.1" 200 159
[22/Aug/2023 07:22:29] "POST /api/ HTTP/1.1" 200 161
[22/Aug/2023 07:22:29] "POST /api/ HTTP/1.1" 200 161
[22/Aug/2023 07:22:29] "POST /api/ HTTP/1.1" 200 160
[22/Aug/2023 07:22:31] "POST /api/ HTTP/1.1" 200 125
[22/Aug/2023 07:22:31] "POST /api/ HTTP/1.1" 200 160
[22/Aug/2023 07:22:31] "POST /api/ HTTP/1.1" 200 161
[22/Aug/2023 07:22:31] "POST /api/ HTTP/1.1" 200 160
[22/Aug/2023 07:22:31] "POST /api/ HTTP/1.1" 200 161
[22/Aug/2023 07:22:31] "POST /api/ HTTP/1.1" 200 161
[22/Aug/2023 07:22:31] "POST /api/ HTTP/1.1" 200 161
[22/Aug/2023 07:22:31] "POST /api/ HTTP/1.1" 200 161
[22/Aug/2023 07:22:31] "POST /api/ HTTP/1.1" 200 161
[22/Aug/2023 07:22:31] "POST /api/ HTTP/1.1" 200 161
[22/Aug/2023 07:22:31] "POST /api/ HTTP/1.1" 200 161
[22/Aug/2023 07:22:31] "POST /api/ HTTP/1.1" 200 161
[22/Aug/2023 07:22:31] "POST /api/ HTTP/1.1" 200 161
[22/Aug/2023 07:22:31] "POST /api/ HTTP/1.1" 200 161
[22/Aug/2023 07:22:31] "POST /api/ HTTP/1.1" 200 161
[22/Aug/2023 07:22:31] "POST /api/ HTTP/1.1" 200 161
[22/Aug/2023 07:22:31] "POST /api/ HTTP/1.1" 200 160
[22/Aug/2023 07:22:31] "POST /api/ HTTP/1.1" 200 161
[22/Aug/2023 07:22:31] "POST /api/ HTTP/1.1" 200 161
[22/Aug/2023 07:22:31] "POST /api/ HTTP/1.1" 200 200
[22/Aug/2023 07:22:32] "POST /api/ HTTP/1.1" 200 161
[22/Aug/2023 07:22:33] "POST /api/ HTTP/1.1" 200 126
[22/Aug/2023 07:22:33] "POST /api/ HTTP/1.1" 200 161
[22/Aug/2023 07:22:33] "POST /api/ HTTP/1.1" 200 161
[22/Aug/2023 07:22:33] "POST /api/ HTTP/1.1" 200 178
[22/Aug/2023 07:22:33] "POST /api/ HTTP/1.1" 200 161
[22/Aug/2023 07:22:33] "POST /api/ HTTP/1.1" 200 161
[22/Aug/2023 07:22:33] "POST /api/ HTTP/1.1" 200 160
[22/Aug/2023 07:22:33] "POST /api/ HTTP/1.1" 200 201
[22/Aug/2023 07:22:33] "POST /api/ HTTP/1.1" 200 160
[22/Aug/2023 07:22:33] "POST /api/ HTTP/1.1" 200 160
[22/Aug/2023 07:22:33] "POST /api/ HTTP/1.1" 200 161
[22/Aug/2023 07:22:33] "POST /api/ HTTP/1.1" 200 161
[22/Aug/2023 07:22:33] "POST /api/ HTTP/1.1" 200 161
[22/Aug/2023 07:22:33] "POST /api/ HTTP/1.1" 200 161
[22/Aug/2023 07:22:33] "POST /api/ HTTP/1.1" 200 161
[22/Aug/2023 07:22:33] "POST /api/ HTTP/1.1" 200 161
[22/Aug/2023 07:22:33] "POST /api/ HTTP/1.1" 200 161
[22/Aug/2023 07:22:33] "POST /api/ HTTP/1.1" 200 201
[22/Aug/2023 07:22:33] "POST /api/ HTTP/1.1" 200 161
[22/Aug/2023 07:22:33] "POST /api/ HTTP/1.1" 200 161
[22/Aug/2023 07:22:33] "POST /api/ HTTP/1.1" 200 161
Not Found: /http:/120.26.195.153:1096/
[22/Aug/2023 07:46:27] "GET http://120.26.195.153:1096/ HTTP/1.1" 404 1699
[22/Aug/2023 08:20:38] "OPTIONS /api/ HTTP/1.1" 200 0
[22/Aug/2023 08:20:38] "POST /api/ HTTP/1.1" 200 122
[22/Aug/2023 08:20:38] "POST /api/ HTTP/1.1" 200 161
[22/Aug/2023 08:20:38] "POST /api/ HTTP/1.1" 200 161
[22/Aug/2023 08:20:38] "POST /api/ HTTP/1.1" 200 161
[22/Aug/2023 08:20:38] "POST /api/ HTTP/1.1" 200 160
[22/Aug/2023 08:20:38] "POST /api/ HTTP/1.1" 200 161
[22/Aug/2023 08:20:38] "POST /api/ HTTP/1.1" 200 160
[22/Aug/2023 08:20:38] "POST /api/ HTTP/1.1" 200 161
[22/Aug/2023 08:20:38] "POST /api/ HTTP/1.1" 200 160
[22/Aug/2023 08:20:38] "POST /api/ HTTP/1.1" 200 160
[22/Aug/2023 08:20:38] "POST /api/ HTTP/1.1" 200 161
[22/Aug/2023 08:20:38] "POST /api/ HTTP/1.1" 200 161
[22/Aug/2023 08:20:38] "POST /api/ HTTP/1.1" 200 161
[22/Aug/2023 08:20:38] "POST /api/ HTTP/1.1" 200 160
[22/Aug/2023 08:20:38] "POST /api/ HTTP/1.1" 200 160
[22/Aug/2023 08:20:38] "POST /api/ HTTP/1.1" 200 161
[22/Aug/2023 08:20:38] "POST /api/ HTTP/1.1" 200 161
[22/Aug/2023 08:20:38] "POST /api/ HTTP/1.1" 200 161
[22/Aug/2023 08:20:38] "POST /api/ HTTP/1.1" 200 161
[22/Aug/2023 08:20:38] "POST /api/ HTTP/1.1" 200 160
[22/Aug/2023 08:20:38] "POST /api/ HTTP/1.1" 200 161
Not Found: /http:/120.26.195.153:1096/
[22/Aug/2023 08:45:06] "GET http://120.26.195.153:1096/ HTTP/1.1" 404 1699
[22/Aug/2023 08:46:12,624] - Broken pipe from ('8.142.31.72', 3271)

[22/Aug/2023 08:57:05] "POST /api/ HTTP/1.1" 200 125
[22/Aug/2023 08:57:05] "POST /api/ HTTP/1.1" 200 161
[22/Aug/2023 08:57:05] "POST /api/ HTTP/1.1" 200 161
[22/Aug/2023 08:57:05] "POST /api/ HTTP/1.1" 200 161
[22/Aug/2023 08:57:05] "POST /api/ HTTP/1.1" 200 161
[22/Aug/2023 08:57:05] "POST /api/ HTTP/1.1" 200 161
[22/Aug/2023 08:57:05] "POST /api/ HTTP/1.1" 200 161
[22/Aug/2023 08:57:05] "POST /api/ HTTP/1.1" 200 160
[22/Aug/2023 08:57:05] "POST /api/ HTTP/1.1" 200 161
[22/Aug/2023 08:57:05] "POST /api/ HTTP/1.1" 200 161
[22/Aug/2023 08:57:05] "POST /api/ HTTP/1.1" 200 161
[22/Aug/2023 08:57:05] "POST /api/ HTTP/1.1" 200 161
[22/Aug/2023 08:57:05] "POST /api/ HTTP/1.1" 200 160
[22/Aug/2023 08:57:05] "POST /api/ HTTP/1.1" 200 161
[22/Aug/2023 08:57:05] "POST /api/ HTTP/1.1" 200 160
[22/Aug/2023 08:57:05] "POST /api/ HTTP/1.1" 200 161
[22/Aug/2023 08:57:05] "POST /api/ HTTP/1.1" 200 201
[22/Aug/2023 08:57:05] "POST /api/ HTTP/1.1" 200 160
[22/Aug/2023 08:57:05] "POST /api/ HTTP/1.1" 200 161
[22/Aug/2023 08:57:05] "POST /api/ HTTP/1.1" 200 161
[22/Aug/2023 08:57:05] "POST /api/ HTTP/1.1" 200 161
[22/Aug/2023 08:57:07] "POST /api/ HTTP/1.1" 200 161
[22/Aug/2023 09:01:45] "POST /api/ HTTP/1.1" 200 121
[22/Aug/2023 09:01:45] "POST /api/ HTTP/1.1" 200 200
[22/Aug/2023 09:01:45] "POST /api/ HTTP/1.1" 200 160
[22/Aug/2023 09:01:45] "POST /api/ HTTP/1.1" 200 161
[22/Aug/2023 09:01:45] "POST /api/ HTTP/1.1" 200 160
[22/Aug/2023 09:01:45] "POST /api/ HTTP/1.1" 200 161
[22/Aug/2023 09:01:45] "POST /api/ HTTP/1.1" 200 161
[22/Aug/2023 09:01:45] "POST /api/ HTTP/1.1" 200 160
[22/Aug/2023 09:01:45] "POST /api/ HTTP/1.1" 200 160
[22/Aug/2023 09:01:45] "POST /api/ HTTP/1.1" 200 161
[22/Aug/2023 09:01:45] "POST /api/ HTTP/1.1" 200 161
[22/Aug/2023 09:01:45] "POST /api/ HTTP/1.1" 200 160
[22/Aug/2023 09:01:45] "POST /api/ HTTP/1.1" 200 160
[22/Aug/2023 09:01:45] "POST /api/ HTTP/1.1" 200 161
[22/Aug/2023 09:01:45] "POST /api/ HTTP/1.1" 200 161
[22/Aug/2023 09:01:45] "POST /api/ HTTP/1.1" 200 161
[22/Aug/2023 09:01:45] "POST /api/ HTTP/1.1" 200 161
[22/Aug/2023 09:01:45] "POST /api/ HTTP/1.1" 200 161
[22/Aug/2023 09:01:45] "POST /api/ HTTP/1.1" 200 200
[22/Aug/2023 09:01:45] "POST /api/ HTTP/1.1" 200 161
[22/Aug/2023 09:01:45] "POST /api/ HTTP/1.1" 200 161
[22/Aug/2023 09:02:43] "POST /api/ HTTP/1.1" 200 17
[22/Aug/2023 09:02:44] "POST /api/ HTTP/1.1" 200 126
[22/Aug/2023 09:02:44] "POST /api/ HTTP/1.1" 200 161
[22/Aug/2023 09:02:44] "POST /api/ HTTP/1.1" 200 161
[22/Aug/2023 09:02:44] "POST /api/ HTTP/1.1" 200 161
[22/Aug/2023 09:02:44] "POST /api/ HTTP/1.1" 200 161
[22/Aug/2023 09:02:44] "POST /api/ HTTP/1.1" 200 161
[22/Aug/2023 09:02:44] "POST /api/ HTTP/1.1" 200 161
[22/Aug/2023 09:02:44] "POST /api/ HTTP/1.1" 200 161
[22/Aug/2023 09:02:44] "POST /api/ HTTP/1.1" 200 161
[22/Aug/2023 09:02:44] "POST /api/ HTTP/1.1" 200 161
[22/Aug/2023 09:02:44] "POST /api/ HTTP/1.1" 200 161
[22/Aug/2023 09:02:44] "POST /api/ HTTP/1.1" 200 161
[22/Aug/2023 09:02:44] "POST /api/ HTTP/1.1" 200 161
[22/Aug/2023 09:02:45] "POST /api/ HTTP/1.1" 200 160
[22/Aug/2023 09:02:45] "POST /api/ HTTP/1.1" 200 160
[22/Aug/2023 09:02:45] "POST /api/ HTTP/1.1" 200 161
[22/Aug/2023 09:02:45] "POST /api/ HTTP/1.1" 200 160
[22/Aug/2023 09:02:45] "POST /api/ HTTP/1.1" 200 161
[22/Aug/2023 09:02:45] "POST /api/ HTTP/1.1" 200 161
[22/Aug/2023 09:02:45] "POST /api/ HTTP/1.1" 200 161
[22/Aug/2023 09:02:45] "POST /api/ HTTP/1.1" 200 161
[22/Aug/2023 09:02:49] "POST /api/ HTTP/1.1" 200 125
[22/Aug/2023 09:02:49] "POST /api/ HTTP/1.1" 200 161
[22/Aug/2023 09:02:49] "POST /api/ HTTP/1.1" 200 161
[22/Aug/2023 09:02:49] "POST /api/ HTTP/1.1" 200 161
[22/Aug/2023 09:02:49] "POST /api/ HTTP/1.1" 200 178
[22/Aug/2023 09:02:49] "POST /api/ HTTP/1.1" 200 161
[22/Aug/2023 09:02:49] "POST /api/ HTTP/1.1" 200 161
[22/Aug/2023 09:02:49] "POST /api/ HTTP/1.1" 200 161
[22/Aug/2023 09:02:49] "POST /api/ HTTP/1.1" 200 160
[22/Aug/2023 09:02:49] "POST /api/ HTTP/1.1" 200 161
[22/Aug/2023 09:02:49] "POST /api/ HTTP/1.1" 200 178
[22/Aug/2023 09:02:49] "POST /api/ HTTP/1.1" 200 201
[22/Aug/2023 09:02:49] "POST /api/ HTTP/1.1" 200 161
[22/Aug/2023 09:02:49] "POST /api/ HTTP/1.1" 200 161
[22/Aug/2023 09:02:49] "POST /api/ HTTP/1.1" 200 159
[22/Aug/2023 09:02:49] "POST /api/ HTTP/1.1" 200 160
[22/Aug/2023 09:02:49] "POST /api/ HTTP/1.1" 200 161
[22/Aug/2023 09:02:49] "POST /api/ HTTP/1.1" 200 161
[22/Aug/2023 09:02:49] "POST /api/ HTTP/1.1" 200 161
[22/Aug/2023 09:02:49] "POST /api/ HTTP/1.1" 200 161
[22/Aug/2023 09:02:49] "POST /api/ HTTP/1.1" 200 161
[22/Aug/2023 09:02:54] "POST /api/ HTTP/1.1" 200 127
[22/Aug/2023 09:02:54] "POST /api/ HTTP/1.1" 200 161
[22/Aug/2023 09:02:54] "POST /api/ HTTP/1.1" 200 161
[22/Aug/2023 09:02:54] "POST /api/ HTTP/1.1" 200 161
[22/Aug/2023 09:02:54] "POST /api/ HTTP/1.1" 200 201
[22/Aug/2023 09:02:54] "POST /api/ HTTP/1.1" 200 160
[22/Aug/2023 09:02:54] "POST /api/ HTTP/1.1" 200 161
[22/Aug/2023 09:02:55] "POST /api/ HTTP/1.1" 200 161
[22/Aug/2023 09:02:55] "POST /api/ HTTP/1.1" 200 161
[22/Aug/2023 09:02:55] "POST /api/ HTTP/1.1" 200 161
[22/Aug/2023 09:02:55] "POST /api/ HTTP/1.1" 200 161
[22/Aug/2023 09:02:55] "POST /api/ HTTP/1.1" 200 161
[22/Aug/2023 09:02:55] "POST /api/ HTTP/1.1" 200 161
[22/Aug/2023 09:02:55] "POST /api/ HTTP/1.1" 200 178
[22/Aug/2023 09:02:55] "POST /api/ HTTP/1.1" 200 201
[22/Aug/2023 09:02:55] "POST /api/ HTTP/1.1" 200 161
[22/Aug/2023 09:02:55] "POST /api/ HTTP/1.1" 200 160
[22/Aug/2023 09:02:55] "POST /api/ HTTP/1.1" 200 161
[22/Aug/2023 09:02:55] "POST /api/ HTTP/1.1" 200 161
[22/Aug/2023 09:02:55] "POST /api/ HTTP/1.1" 200 161
[22/Aug/2023 09:02:55] "POST /api/ HTTP/1.1" 200 161
[22/Aug/2023 09:03:00] "POST /api/ HTTP/1.1" 200 125
[22/Aug/2023 09:03:00] "POST /api/ HTTP/1.1" 200 161
[22/Aug/2023 09:03:00] "POST /api/ HTTP/1.1" 200 201
[22/Aug/2023 09:03:00] "POST /api/ HTTP/1.1" 200 178
[22/Aug/2023 09:03:00] "POST /api/ HTTP/1.1" 200 161
[22/Aug/2023 09:03:00] "POST /api/ HTTP/1.1" 200 161
[22/Aug/2023 09:03:00] "POST /api/ HTTP/1.1" 200 161
[22/Aug/2023 09:03:00] "POST /api/ HTTP/1.1" 200 177
[22/Aug/2023 09:03:00] "POST /api/ HTTP/1.1" 200 161
[22/Aug/2023 09:03:00] "POST /api/ HTTP/1.1" 200 161
[22/Aug/2023 09:03:00] "POST /api/ HTTP/1.1" 200 160
[22/Aug/2023 09:03:00] "POST /api/ HTTP/1.1" 200 161
[22/Aug/2023 09:03:00] "POST /api/ HTTP/1.1" 200 160
[22/Aug/2023 09:03:00] "POST /api/ HTTP/1.1" 200 161
[22/Aug/2023 09:03:00] "POST /api/ HTTP/1.1" 200 161
[22/Aug/2023 09:03:00] "POST /api/ HTTP/1.1" 200 161
[22/Aug/2023 09:03:00] "POST /api/ HTTP/1.1" 200 161
[22/Aug/2023 09:03:00] "POST /api/ HTTP/1.1" 200 161
[22/Aug/2023 09:03:00] "POST /api/ HTTP/1.1" 200 161
[22/Aug/2023 09:03:00] "POST /api/ HTTP/1.1" 200 161
[22/Aug/2023 09:03:00] "POST /api/ HTTP/1.1" 200 160
[22/Aug/2023 09:03:08] "POST /api/ HTTP/1.1" 200 124
[22/Aug/2023 09:03:08] "POST /api/ HTTP/1.1" 200 161
[22/Aug/2023 09:03:08] "POST /api/ HTTP/1.1" 200 160
[22/Aug/2023 09:03:08] "POST /api/ HTTP/1.1" 200 161
[22/Aug/2023 09:03:08] "POST /api/ HTTP/1.1" 200 160
[22/Aug/2023 09:03:08] "POST /api/ HTTP/1.1" 200 161
[22/Aug/2023 09:03:08] "POST /api/ HTTP/1.1" 200 161
[22/Aug/2023 09:03:08] "POST /api/ HTTP/1.1" 200 161
[22/Aug/2023 09:03:08] "POST /api/ HTTP/1.1" 200 161
[22/Aug/2023 09:03:08] "POST /api/ HTTP/1.1" 200 161
[22/Aug/2023 09:03:08] "POST /api/ HTTP/1.1" 200 160
[22/Aug/2023 09:03:08] "POST /api/ HTTP/1.1" 200 161
[22/Aug/2023 09:03:08] "POST /api/ HTTP/1.1" 200 160
[22/Aug/2023 09:03:08] "POST /api/ HTTP/1.1" 200 161
[22/Aug/2023 09:03:08] "POST /api/ HTTP/1.1" 200 161
[22/Aug/2023 09:03:08] "POST /api/ HTTP/1.1" 200 161
[22/Aug/2023 09:03:08] "POST /api/ HTTP/1.1" 200 161
[22/Aug/2023 09:03:08] "POST /api/ HTTP/1.1" 200 178
[22/Aug/2023 09:03:08] "POST /api/ HTTP/1.1" 200 160
[22/Aug/2023 09:03:08] "POST /api/ HTTP/1.1" 200 161
[22/Aug/2023 09:03:08] "POST /api/ HTTP/1.1" 200 161
[22/Aug/2023 09:03:09] "POST /api/ HTTP/1.1" 200 122
[22/Aug/2023 09:03:09] "POST /api/ HTTP/1.1" 200 161
[22/Aug/2023 09:03:09] "POST /api/ HTTP/1.1" 200 161
[22/Aug/2023 09:03:09] "POST /api/ HTTP/1.1" 200 161
[22/Aug/2023 09:03:09] "POST /api/ HTTP/1.1" 200 161
[22/Aug/2023 09:03:09] "POST /api/ HTTP/1.1" 200 160
[22/Aug/2023 09:03:09] "POST /api/ HTTP/1.1" 200 160
[22/Aug/2023 09:03:09] "POST /api/ HTTP/1.1" 200 161
[22/Aug/2023 09:03:09] "POST /api/ HTTP/1.1" 200 160
[22/Aug/2023 09:03:09] "POST /api/ HTTP/1.1" 200 161
[22/Aug/2023 09:03:09] "POST /api/ HTTP/1.1" 200 161
[22/Aug/2023 09:03:09] "POST /api/ HTTP/1.1" 200 161
[22/Aug/2023 09:03:09] "POST /api/ HTTP/1.1" 200 160
[22/Aug/2023 09:03:09] "POST /api/ HTTP/1.1" 200 161
[22/Aug/2023 09:03:09] "POST /api/ HTTP/1.1" 200 158
[22/Aug/2023 09:03:09] "POST /api/ HTTP/1.1" 200 161
[22/Aug/2023 09:03:09] "POST /api/ HTTP/1.1" 200 161
[22/Aug/2023 09:03:09] "POST /api/ HTTP/1.1" 200 161
[22/Aug/2023 09:03:09] "POST /api/ HTTP/1.1" 200 161
[22/Aug/2023 09:03:09] "POST /api/ HTTP/1.1" 200 161
[22/Aug/2023 09:03:09] "POST /api/ HTTP/1.1" 200 161
[22/Aug/2023 09:03:10] "POST /api/ HTTP/1.1" 200 125
[22/Aug/2023 09:03:10] "POST /api/ HTTP/1.1" 200 161
[22/Aug/2023 09:03:10] "POST /api/ HTTP/1.1" 200 161
[22/Aug/2023 09:03:10] "POST /api/ HTTP/1.1" 200 160
[22/Aug/2023 09:03:10] "POST /api/ HTTP/1.1" 200 161
[22/Aug/2023 09:03:10] "POST /api/ HTTP/1.1" 200 161
[22/Aug/2023 09:03:10] "POST /api/ HTTP/1.1" 200 161
[22/Aug/2023 09:03:10] "POST /api/ HTTP/1.1" 200 161
[22/Aug/2023 09:03:10] "POST /api/ HTTP/1.1" 200 161
[22/Aug/2023 09:03:10] "POST /api/ HTTP/1.1" 200 161
[22/Aug/2023 09:03:10] "POST /api/ HTTP/1.1" 200 159
[22/Aug/2023 09:03:10] "POST /api/ HTTP/1.1" 200 161
[22/Aug/2023 09:03:10] "POST /api/ HTTP/1.1" 200 161
[22/Aug/2023 09:03:10] "POST /api/ HTTP/1.1" 200 161
[22/Aug/2023 09:03:11] "POST /api/ HTTP/1.1" 200 160
[22/Aug/2023 09:03:11] "POST /api/ HTTP/1.1" 200 161
[22/Aug/2023 09:03:11] "POST /api/ HTTP/1.1" 200 161
[22/Aug/2023 09:03:11] "POST /api/ HTTP/1.1" 200 178
[22/Aug/2023 09:03:11] "POST /api/ HTTP/1.1" 200 161
[22/Aug/2023 09:03:11] "POST /api/ HTTP/1.1" 200 161
[22/Aug/2023 09:03:11] "POST /api/ HTTP/1.1" 200 161
[22/Aug/2023 09:03:14] "POST /api/ HTTP/1.1" 200 17
[22/Aug/2023 09:03:15] "POST /api/ HTTP/1.1" 200 17
[22/Aug/2023 09:03:18] "POST /api/ HTTP/1.1" 200 125
[22/Aug/2023 09:03:18] "POST /api/ HTTP/1.1" 200 161
[22/Aug/2023 09:03:18] "POST /api/ HTTP/1.1" 200 161
[22/Aug/2023 09:03:18] "POST /api/ HTTP/1.1" 200 161
[22/Aug/2023 09:03:18] "POST /api/ HTTP/1.1" 200 161
[22/Aug/2023 09:03:18] "POST /api/ HTTP/1.1" 200 160
[22/Aug/2023 09:03:18] "POST /api/ HTTP/1.1" 200 161
[22/Aug/2023 09:03:18] "POST /api/ HTTP/1.1" 200 160
[22/Aug/2023 09:03:18] "POST /api/ HTTP/1.1" 200 161
[22/Aug/2023 09:03:18] "POST /api/ HTTP/1.1" 200 161
[22/Aug/2023 09:03:18] "POST /api/ HTTP/1.1" 200 161
[22/Aug/2023 09:03:18] "POST /api/ HTTP/1.1" 200 161
[22/Aug/2023 09:03:18] "POST /api/ HTTP/1.1" 200 161
[22/Aug/2023 09:03:18] "POST /api/ HTTP/1.1" 200 161
[22/Aug/2023 09:03:18] "POST /api/ HTTP/1.1" 200 160
[22/Aug/2023 09:03:18] "POST /api/ HTTP/1.1" 200 161
[22/Aug/2023 09:03:18] "POST /api/ HTTP/1.1" 200 177
[22/Aug/2023 09:03:18] "POST /api/ HTTP/1.1" 200 161
[22/Aug/2023 09:03:18] "POST /api/ HTTP/1.1" 200 161
[22/Aug/2023 09:03:18] "POST /api/ HTTP/1.1" 200 161
[22/Aug/2023 09:03:18] "POST /api/ HTTP/1.1" 200 161
[22/Aug/2023 09:03:20] "POST /api/ HTTP/1.1" 200 17
[22/Aug/2023 09:03:22] "POST /api/ HTTP/1.1" 200 17
[22/Aug/2023 09:03:24] "POST /api/ HTTP/1.1" 200 17
[22/Aug/2023 09:03:27] "POST /api/ HTTP/1.1" 200 123
[22/Aug/2023 09:03:27] "POST /api/ HTTP/1.1" 200 161
[22/Aug/2023 09:03:27] "POST /api/ HTTP/1.1" 200 161
[22/Aug/2023 09:03:27] "POST /api/ HTTP/1.1" 200 160
[22/Aug/2023 09:03:27] "POST /api/ HTTP/1.1" 200 160
[22/Aug/2023 09:03:27] "POST /api/ HTTP/1.1" 200 161
[22/Aug/2023 09:03:27] "POST /api/ HTTP/1.1" 200 161
[22/Aug/2023 09:03:27] "POST /api/ HTTP/1.1" 200 161
[22/Aug/2023 09:03:27] "POST /api/ HTTP/1.1" 200 161
[22/Aug/2023 09:03:27] "POST /api/ HTTP/1.1" 200 160
[22/Aug/2023 09:03:27] "POST /api/ HTTP/1.1" 200 160
[22/Aug/2023 09:03:27] "POST /api/ HTTP/1.1" 200 161
[22/Aug/2023 09:03:27] "POST /api/ HTTP/1.1" 200 160
[22/Aug/2023 09:03:27] "POST /api/ HTTP/1.1" 200 161
[22/Aug/2023 09:03:27] "POST /api/ HTTP/1.1" 200 161
[22/Aug/2023 09:03:27] "POST /api/ HTTP/1.1" 200 161
[22/Aug/2023 09:03:27] "POST /api/ HTTP/1.1" 200 161
[22/Aug/2023 09:03:27] "POST /api/ HTTP/1.1" 200 161
[22/Aug/2023 09:03:27] "POST /api/ HTTP/1.1" 200 161
[22/Aug/2023 09:03:27] "POST /api/ HTTP/1.1" 200 160
[22/Aug/2023 09:03:27] "POST /api/ HTTP/1.1" 200 161
[22/Aug/2023 09:03:33] "POST /api/ HTTP/1.1" 200 17
[22/Aug/2023 09:03:36] "POST /api/ HTTP/1.1" 200 17
[22/Aug/2023 09:03:37] "POST /api/ HTTP/1.1" 200 127
[22/Aug/2023 09:03:37] "POST /api/ HTTP/1.1" 200 161
[22/Aug/2023 09:03:37] "POST /api/ HTTP/1.1" 200 161
[22/Aug/2023 09:03:37] "POST /api/ HTTP/1.1" 200 161
[22/Aug/2023 09:03:37] "POST /api/ HTTP/1.1" 200 161
[22/Aug/2023 09:03:37] "POST /api/ HTTP/1.1" 200 161
[22/Aug/2023 09:03:37] "POST /api/ HTTP/1.1" 200 161
[22/Aug/2023 09:03:37] "POST /api/ HTTP/1.1" 200 160
[22/Aug/2023 09:03:37] "POST /api/ HTTP/1.1" 200 161
[22/Aug/2023 09:03:37] "POST /api/ HTTP/1.1" 200 161
[22/Aug/2023 09:03:37] "POST /api/ HTTP/1.1" 200 161
[22/Aug/2023 09:03:37] "POST /api/ HTTP/1.1" 200 161
[22/Aug/2023 09:03:37] "POST /api/ HTTP/1.1" 200 161
[22/Aug/2023 09:03:37] "POST /api/ HTTP/1.1" 200 161
[22/Aug/2023 09:03:37] "POST /api/ HTTP/1.1" 200 161
[22/Aug/2023 09:03:37] "POST /api/ HTTP/1.1" 200 161
[22/Aug/2023 09:03:37] "POST /api/ HTTP/1.1" 200 161
[22/Aug/2023 09:03:37] "POST /api/ HTTP/1.1" 200 161
[22/Aug/2023 09:03:37] "POST /api/ HTTP/1.1" 200 160
[22/Aug/2023 09:03:37] "POST /api/ HTTP/1.1" 200 161
[22/Aug/2023 09:03:37] "POST /api/ HTTP/1.1" 200 161
[22/Aug/2023 09:03:41] "POST /api/ HTTP/1.1" 200 17
[22/Aug/2023 09:03:43] "POST /api/ HTTP/1.1" 200 125
[22/Aug/2023 09:03:43] "POST /api/ HTTP/1.1" 200 161
[22/Aug/2023 09:03:43] "POST /api/ HTTP/1.1" 200 161
[22/Aug/2023 09:03:43] "POST /api/ HTTP/1.1" 200 161
[22/Aug/2023 09:03:43] "POST /api/ HTTP/1.1" 200 161
[22/Aug/2023 09:03:43] "POST /api/ HTTP/1.1" 200 161
[22/Aug/2023 09:03:43] "POST /api/ HTTP/1.1" 200 161
[22/Aug/2023 09:03:43] "POST /api/ HTTP/1.1" 200 161
[22/Aug/2023 09:03:43] "POST /api/ HTTP/1.1" 200 161
[22/Aug/2023 09:03:43] "POST /api/ HTTP/1.1" 200 160
[22/Aug/2023 09:03:43] "POST /api/ HTTP/1.1" 200 160
[22/Aug/2023 09:03:43] "POST /api/ HTTP/1.1" 200 160
[22/Aug/2023 09:03:43] "POST /api/ HTTP/1.1" 200 161
[22/Aug/2023 09:03:44] "POST /api/ HTTP/1.1" 200 200
[22/Aug/2023 09:03:44] "POST /api/ HTTP/1.1" 200 161
[22/Aug/2023 09:03:44] "POST /api/ HTTP/1.1" 200 161
[22/Aug/2023 09:03:44] "POST /api/ HTTP/1.1" 200 161
[22/Aug/2023 09:03:44] "POST /api/ HTTP/1.1" 200 161
[22/Aug/2023 09:03:44] "POST /api/ HTTP/1.1" 200 161
[22/Aug/2023 09:03:44] "POST /api/ HTTP/1.1" 200 161
[22/Aug/2023 09:03:44] "POST /api/ HTTP/1.1" 200 161
[22/Aug/2023 09:03:49] "POST /api/ HTTP/1.1" 200 17
[22/Aug/2023 09:03:59] "POST /api/ HTTP/1.1" 200 123
[22/Aug/2023 09:03:59] "POST /api/ HTTP/1.1" 200 161
[22/Aug/2023 09:03:59] "POST /api/ HTTP/1.1" 200 161
[22/Aug/2023 09:03:59] "POST /api/ HTTP/1.1" 200 161
[22/Aug/2023 09:03:59] "POST /api/ HTTP/1.1" 200 161
[22/Aug/2023 09:03:59] "POST /api/ HTTP/1.1" 200 160
[22/Aug/2023 09:03:59] "POST /api/ HTTP/1.1" 200 161
[22/Aug/2023 09:03:59] "POST /api/ HTTP/1.1" 200 161
[22/Aug/2023 09:03:59] "POST /api/ HTTP/1.1" 200 161
[22/Aug/2023 09:03:59] "POST /api/ HTTP/1.1" 200 161
[22/Aug/2023 09:03:59] "POST /api/ HTTP/1.1" 200 160
[22/Aug/2023 09:03:59] "POST /api/ HTTP/1.1" 200 161
[22/Aug/2023 09:03:59] "POST /api/ HTTP/1.1" 200 160
[22/Aug/2023 09:03:59] "POST /api/ HTTP/1.1" 200 200
[22/Aug/2023 09:03:59] "POST /api/ HTTP/1.1" 200 161
[22/Aug/2023 09:03:59] "POST /api/ HTTP/1.1" 200 201
[22/Aug/2023 09:03:59] "POST /api/ HTTP/1.1" 200 161
[22/Aug/2023 09:03:59] "POST /api/ HTTP/1.1" 200 160
[22/Aug/2023 09:03:59] "POST /api/ HTTP/1.1" 200 160
[22/Aug/2023 09:03:59] "POST /api/ HTTP/1.1" 200 161
[22/Aug/2023 09:04:00] "POST /api/ HTTP/1.1" 200 161
[22/Aug/2023 09:05:18] "POST /api/ HTTP/1.1" 200 129
[22/Aug/2023 09:05:18] "POST /api/ HTTP/1.1" 200 161
[22/Aug/2023 09:05:18] "POST /api/ HTTP/1.1" 200 161
[22/Aug/2023 09:05:18] "POST /api/ HTTP/1.1" 200 161
[22/Aug/2023 09:05:18] "POST /api/ HTTP/1.1" 200 161
[22/Aug/2023 09:05:18] "POST /api/ HTTP/1.1" 200 161
[22/Aug/2023 09:05:18] "POST /api/ HTTP/1.1" 200 161
[22/Aug/2023 09:05:18] "POST /api/ HTTP/1.1" 200 161
[22/Aug/2023 09:05:18] "POST /api/ HTTP/1.1" 200 202
[22/Aug/2023 09:05:18] "POST /api/ HTTP/1.1" 200 161
[22/Aug/2023 09:05:18] "POST /api/ HTTP/1.1" 200 161
[22/Aug/2023 09:05:18] "POST /api/ HTTP/1.1" 200 161
[22/Aug/2023 09:05:18] "POST /api/ HTTP/1.1" 200 161
[22/Aug/2023 09:05:18] "POST /api/ HTTP/1.1" 200 161
[22/Aug/2023 09:05:18] "POST /api/ HTTP/1.1" 200 161
[22/Aug/2023 09:05:18] "POST /api/ HTTP/1.1" 200 161
[22/Aug/2023 09:05:18] "POST /api/ HTTP/1.1" 200 161
[22/Aug/2023 09:05:18] "POST /api/ HTTP/1.1" 200 161
[22/Aug/2023 09:05:18] "POST /api/ HTTP/1.1" 200 161
[22/Aug/2023 09:05:18] "POST /api/ HTTP/1.1" 200 161
[22/Aug/2023 09:05:18] "POST /api/ HTTP/1.1" 200 161
[22/Aug/2023 09:05:34] "POST /api/ HTTP/1.1" 200 11
[22/Aug/2023 09:05:41] "POST /api/ HTTP/1.1" 200 11
[22/Aug/2023 09:05:46] "POST /api/ HTTP/1.1" 200 11
[22/Aug/2023 09:05:51] "POST /api/ HTTP/1.1" 200 129
[22/Aug/2023 09:05:51] "POST /api/ HTTP/1.1" 200 161
[22/Aug/2023 09:05:51] "POST /api/ HTTP/1.1" 200 161
[22/Aug/2023 09:05:51] "POST /api/ HTTP/1.1" 200 161
[22/Aug/2023 09:05:51] "POST /api/ HTTP/1.1" 200 161
[22/Aug/2023 09:05:51] "POST /api/ HTTP/1.1" 200 161
[22/Aug/2023 09:05:51] "POST /api/ HTTP/1.1" 200 153
[22/Aug/2023 09:05:51] "POST /api/ HTTP/1.1" 200 161
[22/Aug/2023 09:05:51] "POST /api/ HTTP/1.1" 200 161
[22/Aug/2023 09:05:51] "POST /api/ HTTP/1.1" 200 202
[22/Aug/2023 09:05:51] "POST /api/ HTTP/1.1" 200 161
[22/Aug/2023 09:05:51] "POST /api/ HTTP/1.1" 200 161
[22/Aug/2023 09:05:51] "POST /api/ HTTP/1.1" 200 161
[22/Aug/2023 09:05:51] "POST /api/ HTTP/1.1" 200 161
[22/Aug/2023 09:05:51] "POST /api/ HTTP/1.1" 200 161
[22/Aug/2023 09:05:51] "POST /api/ HTTP/1.1" 200 161
[22/Aug/2023 09:05:51] "POST /api/ HTTP/1.1" 200 161
[22/Aug/2023 09:05:51] "POST /api/ HTTP/1.1" 200 161
[22/Aug/2023 09:05:51] "POST /api/ HTTP/1.1" 200 161
[22/Aug/2023 09:05:51] "POST /api/ HTTP/1.1" 200 161
[22/Aug/2023 09:05:51] "POST /api/ HTTP/1.1" 200 238
[22/Aug/2023 09:06:02] "POST /api/ HTTP/1.1" 200 81
[22/Aug/2023 09:06:02] "POST /api/ HTTP/1.1" 200 256
[22/Aug/2023 09:06:02] "POST /api/ HTTP/1.1" 200 158
[22/Aug/2023 09:06:02] "POST /api/ HTTP/1.1" 200 158
[22/Aug/2023 09:06:02] "POST /api/ HTTP/1.1" 200 158
[22/Aug/2023 09:06:02] "POST /api/ HTTP/1.1" 200 158
[22/Aug/2023 09:06:02] "POST /api/ HTTP/1.1" 200 156
[22/Aug/2023 09:06:02] "POST /api/ HTTP/1.1" 200 158
[22/Aug/2023 09:06:02] "POST /api/ HTTP/1.1" 200 158
[22/Aug/2023 09:06:02] "POST /api/ HTTP/1.1" 200 159
[22/Aug/2023 09:06:02] "POST /api/ HTTP/1.1" 200 159
[22/Aug/2023 09:06:02] "POST /api/ HTTP/1.1" 200 159
[22/Aug/2023 09:06:02] "POST /api/ HTTP/1.1" 200 159
[22/Aug/2023 09:06:02] "POST /api/ HTTP/1.1" 200 159
[22/Aug/2023 09:06:02] "POST /api/ HTTP/1.1" 200 159
[22/Aug/2023 09:06:02] "POST /api/ HTTP/1.1" 200 159
[22/Aug/2023 09:06:02] "POST /api/ HTTP/1.1" 200 159
[22/Aug/2023 09:06:02] "POST /api/ HTTP/1.1" 200 159
[22/Aug/2023 09:06:02] "POST /api/ HTTP/1.1" 200 159
[22/Aug/2023 09:06:02] "POST /api/ HTTP/1.1" 200 159
[22/Aug/2023 09:06:02] "POST /api/ HTTP/1.1" 200 159
[22/Aug/2023 09:06:09] "POST /api/ HTTP/1.1" 200 129
[22/Aug/2023 09:06:09] "POST /api/ HTTP/1.1" 200 161
[22/Aug/2023 09:06:09] "POST /api/ HTTP/1.1" 200 161
[22/Aug/2023 09:06:09] "POST /api/ HTTP/1.1" 200 161
[22/Aug/2023 09:06:09] "POST /api/ HTTP/1.1" 200 161
[22/Aug/2023 09:06:09] "POST /api/ HTTP/1.1" 200 161
[22/Aug/2023 09:06:09] "POST /api/ HTTP/1.1" 200 153
[22/Aug/2023 09:06:09] "POST /api/ HTTP/1.1" 200 161
[22/Aug/2023 09:06:09] "POST /api/ HTTP/1.1" 200 161
[22/Aug/2023 09:06:09] "POST /api/ HTTP/1.1" 200 202
[22/Aug/2023 09:06:09] "POST /api/ HTTP/1.1" 200 161
[22/Aug/2023 09:06:09] "POST /api/ HTTP/1.1" 200 161
[22/Aug/2023 09:06:09] "POST /api/ HTTP/1.1" 200 161
[22/Aug/2023 09:06:09] "POST /api/ HTTP/1.1" 200 161
[22/Aug/2023 09:06:09] "POST /api/ HTTP/1.1" 200 161
[22/Aug/2023 09:06:09] "POST /api/ HTTP/1.1" 200 161
[22/Aug/2023 09:06:09] "POST /api/ HTTP/1.1" 200 161
[22/Aug/2023 09:06:09] "POST /api/ HTTP/1.1" 200 161
[22/Aug/2023 09:06:09] "POST /api/ HTTP/1.1" 200 161
[22/Aug/2023 09:06:09] "POST /api/ HTTP/1.1" 200 161
[22/Aug/2023 09:06:09] "POST /api/ HTTP/1.1" 200 238
[22/Aug/2023 09:06:11] "POST /api/ HTTP/1.1" 200 17
[22/Aug/2023 09:11:57] "OPTIONS /api/ HTTP/1.1" 200 0
Internal Server Error: /api/
Traceback (most recent call last):
  File "/root/anaconda3/envs/webserver/lib/python3.6/site-packages/django/db/models/fields/__init__.py", line 1823, in get_prep_value
    return int(value)
ValueError: invalid literal for int() with base 10: 'file:///mnt/EE2CE16E2CE131EF/Develop/GitHub/Touhou-Emoticon-Database/WebUI/singlepic.html'

The above exception was the direct cause of the following exception:

Traceback (most recent call last):
  File "/root/anaconda3/envs/webserver/lib/python3.6/site-packages/django/core/handlers/exception.py", line 47, in inner
    response = get_response(request)
  File "/root/anaconda3/envs/webserver/lib/python3.6/site-packages/django/core/handlers/base.py", line 181, in _get_response
    response = wrapped_callback(request, *callback_args, **callback_kwargs)
  File "/root/touhou/Touhou-Emoticon-Database/TouhouPics/TouhouPics/views.py", line 34, in api
    dbres = db.get_item_by_id(req.get("id"))
  File "/root/touhou/Touhou-Emoticon-Database/TouhouPics/TouhouPics/db.py", line 37, in get_item_by_id
    pic = pictures.objects.get(id=id_)
  File "/root/anaconda3/envs/webserver/lib/python3.6/site-packages/django/db/models/manager.py", line 85, in manager_method
    return getattr(self.get_queryset(), name)(*args, **kwargs)
  File "/root/anaconda3/envs/webserver/lib/python3.6/site-packages/django/db/models/query.py", line 424, in get
    clone = self._chain() if self.query.combinator else self.filter(*args, **kwargs)
  File "/root/anaconda3/envs/webserver/lib/python3.6/site-packages/django/db/models/query.py", line 941, in filter
    return self._filter_or_exclude(False, args, kwargs)
  File "/root/anaconda3/envs/webserver/lib/python3.6/site-packages/django/db/models/query.py", line 961, in _filter_or_exclude
    clone._filter_or_exclude_inplace(negate, args, kwargs)
  File "/root/anaconda3/envs/webserver/lib/python3.6/site-packages/django/db/models/query.py", line 968, in _filter_or_exclude_inplace
    self._query.add_q(Q(*args, **kwargs))
  File "/root/anaconda3/envs/webserver/lib/python3.6/site-packages/django/db/models/sql/query.py", line 1396, in add_q
    clause, _ = self._add_q(q_object, self.used_aliases)
  File "/root/anaconda3/envs/webserver/lib/python3.6/site-packages/django/db/models/sql/query.py", line 1418, in _add_q
    split_subq=split_subq, check_filterable=check_filterable,
  File "/root/anaconda3/envs/webserver/lib/python3.6/site-packages/django/db/models/sql/query.py", line 1350, in build_filter
    condition = self.build_lookup(lookups, col, value)
  File "/root/anaconda3/envs/webserver/lib/python3.6/site-packages/django/db/models/sql/query.py", line 1196, in build_lookup
    lookup = lookup_class(lhs, rhs)
  File "/root/anaconda3/envs/webserver/lib/python3.6/site-packages/django/db/models/lookups.py", line 25, in __init__
    self.rhs = self.get_prep_lookup()
  File "/root/anaconda3/envs/webserver/lib/python3.6/site-packages/django/db/models/lookups.py", line 77, in get_prep_lookup
    return self.lhs.output_field.get_prep_value(self.rhs)
  File "/root/anaconda3/envs/webserver/lib/python3.6/site-packages/django/db/models/fields/__init__.py", line 1827, in get_prep_value
    ) from e
ValueError: Field 'id' expected a number but got 'file:///mnt/EE2CE16E2CE131EF/Develop/GitHub/Touhou-Emoticon-Database/WebUI/singlepic.html'.
[22/Aug/2023 09:11:57] "POST /api/ HTTP/1.1" 500 131160
[22/Aug/2023 09:13:29] "OPTIONS /api/ HTTP/1.1" 200 0
Internal Server Error: /api/
Traceback (most recent call last):
  File "/root/anaconda3/envs/webserver/lib/python3.6/site-packages/django/db/models/fields/__init__.py", line 1823, in get_prep_value
    return int(value)
ValueError: invalid literal for int() with base 10: 'file:///mnt/EE2CE16E2CE131EF/Develop/GitHub/Touhou-Emoticon-Database/WebUI/singlepic.html'

The above exception was the direct cause of the following exception:

Traceback (most recent call last):
  File "/root/anaconda3/envs/webserver/lib/python3.6/site-packages/django/core/handlers/exception.py", line 47, in inner
    response = get_response(request)
  File "/root/anaconda3/envs/webserver/lib/python3.6/site-packages/django/core/handlers/base.py", line 181, in _get_response
    response = wrapped_callback(request, *callback_args, **callback_kwargs)
  File "/root/touhou/Touhou-Emoticon-Database/TouhouPics/TouhouPics/views.py", line 34, in api
    dbres = db.get_item_by_id(req.get("id"))
  File "/root/touhou/Touhou-Emoticon-Database/TouhouPics/TouhouPics/db.py", line 37, in get_item_by_id
    pic = pictures.objects.get(id=id_)
  File "/root/anaconda3/envs/webserver/lib/python3.6/site-packages/django/db/models/manager.py", line 85, in manager_method
    return getattr(self.get_queryset(), name)(*args, **kwargs)
  File "/root/anaconda3/envs/webserver/lib/python3.6/site-packages/django/db/models/query.py", line 424, in get
    clone = self._chain() if self.query.combinator else self.filter(*args, **kwargs)
  File "/root/anaconda3/envs/webserver/lib/python3.6/site-packages/django/db/models/query.py", line 941, in filter
    return self._filter_or_exclude(False, args, kwargs)
  File "/root/anaconda3/envs/webserver/lib/python3.6/site-packages/django/db/models/query.py", line 961, in _filter_or_exclude
    clone._filter_or_exclude_inplace(negate, args, kwargs)
  File "/root/anaconda3/envs/webserver/lib/python3.6/site-packages/django/db/models/query.py", line 968, in _filter_or_exclude_inplace
    self._query.add_q(Q(*args, **kwargs))
  File "/root/anaconda3/envs/webserver/lib/python3.6/site-packages/django/db/models/sql/query.py", line 1396, in add_q
    clause, _ = self._add_q(q_object, self.used_aliases)
  File "/root/anaconda3/envs/webserver/lib/python3.6/site-packages/django/db/models/sql/query.py", line 1418, in _add_q
    split_subq=split_subq, check_filterable=check_filterable,
  File "/root/anaconda3/envs/webserver/lib/python3.6/site-packages/django/db/models/sql/query.py", line 1350, in build_filter
    condition = self.build_lookup(lookups, col, value)
  File "/root/anaconda3/envs/webserver/lib/python3.6/site-packages/django/db/models/sql/query.py", line 1196, in build_lookup
    lookup = lookup_class(lhs, rhs)
  File "/root/anaconda3/envs/webserver/lib/python3.6/site-packages/django/db/models/lookups.py", line 25, in __init__
    self.rhs = self.get_prep_lookup()
  File "/root/anaconda3/envs/webserver/lib/python3.6/site-packages/django/db/models/lookups.py", line 77, in get_prep_lookup
    return self.lhs.output_field.get_prep_value(self.rhs)
  File "/root/anaconda3/envs/webserver/lib/python3.6/site-packages/django/db/models/fields/__init__.py", line 1827, in get_prep_value
    ) from e
ValueError: Field 'id' expected a number but got 'file:///mnt/EE2CE16E2CE131EF/Develop/GitHub/Touhou-Emoticon-Database/WebUI/singlepic.html'.
[22/Aug/2023 09:13:30] "POST /api/ HTTP/1.1" 500 131160
[22/Aug/2023 09:13:41] "OPTIONS /api/ HTTP/1.1" 200 0
[22/Aug/2023 09:13:41] "POST /api/ HTTP/1.1" 200 11
[22/Aug/2023 09:13:44] "OPTIONS /api/ HTTP/1.1" 200 0
[22/Aug/2023 09:13:44] "POST /api/ HTTP/1.1" 200 11
[22/Aug/2023 09:14:20] "OPTIONS /api/ HTTP/1.1" 200 0
[22/Aug/2023 09:14:20] "POST /api/ HTTP/1.1" 200 11
[22/Aug/2023 09:15:04] "OPTIONS /api/ HTTP/1.1" 200 0
[22/Aug/2023 09:15:04] "POST /api/ HTTP/1.1" 200 11
[22/Aug/2023 09:16:06] "OPTIONS /api/ HTTP/1.1" 200 0
[22/Aug/2023 09:16:06] "POST /api/ HTTP/1.1" 200 11
[22/Aug/2023 09:19:11] "POST /api/ HTTP/1.1" 200 81
[22/Aug/2023 09:19:11] "POST /api/ HTTP/1.1" 200 156
[22/Aug/2023 09:19:11] "POST /api/ HTTP/1.1" 200 158
[22/Aug/2023 09:19:11] "POST /api/ HTTP/1.1" 200 256
[22/Aug/2023 09:19:11] "POST /api/ HTTP/1.1" 200 158
[22/Aug/2023 09:19:11] "POST /api/ HTTP/1.1" 200 158
[22/Aug/2023 09:19:11] "POST /api/ HTTP/1.1" 200 158
[22/Aug/2023 09:19:11] "POST /api/ HTTP/1.1" 200 158
[22/Aug/2023 09:19:11] "POST /api/ HTTP/1.1" 200 159
[22/Aug/2023 09:19:11] "POST /api/ HTTP/1.1" 200 158
[22/Aug/2023 09:19:11] "POST /api/ HTTP/1.1" 200 159
[22/Aug/2023 09:19:11] "POST /api/ HTTP/1.1" 200 159
[22/Aug/2023 09:19:11] "POST /api/ HTTP/1.1" 200 159
[22/Aug/2023 09:19:11] "POST /api/ HTTP/1.1" 200 159
[22/Aug/2023 09:19:11] "POST /api/ HTTP/1.1" 200 159
[22/Aug/2023 09:19:11] "POST /api/ HTTP/1.1" 200 159
[22/Aug/2023 09:19:11] "POST /api/ HTTP/1.1" 200 159
[22/Aug/2023 09:19:11] "POST /api/ HTTP/1.1" 200 159
[22/Aug/2023 09:19:11] "POST /api/ HTTP/1.1" 200 159
[22/Aug/2023 09:19:11] "POST /api/ HTTP/1.1" 200 159
[22/Aug/2023 09:19:11] "POST /api/ HTTP/1.1" 200 159
[22/Aug/2023 09:22:29] code 400, message Bad request syntax ('\x03\x00\x00\x13\x0e√†\x00\x00\x00\x00\x00\x01\x00\x08\x00\x02\x00\x00\x00')
[22/Aug/2023 09:22:29] "  √†          " 400 -
